<?xml version="1.0" encoding="UTF-8"?>
<testsuite xmlns:xsi="http://www.w3.org/2001/XMLSchema-instance" xsi:noNamespaceSchemaLocation="https://maven.apache.org/surefire/maven-surefire-plugin/xsd/surefire-test-report.xsd" version="3.0.2" name="com.miniloja.MinilojaApplicationTests" time="10.468" tests="1" errors="0" skipped="0" failures="0" flakes="0">
  <properties>
[...]
</properties>
  <testcase name="contextLoads" classname="com.miniloja.MinilojaApplicationTests" time="0.515">
    <system-out><![CDATA[08:21:41.128 [main] INFO org.springframework.test.context.support.AnnotationConfigContextLoaderUtils -- Could not detect default configuration classes for test class [com.miniloja.MinilojaApplicationTests]: MinilojaApplicationTests does not declare any static, non-private, non-final, nested classes annotated with @Configuration.
08:21:41.300 [main] INFO org.springframework.boot.test.context.SpringBootTestContextBootstrapper -- Found @SpringBootConfiguration com.miniloja.MinilojaApplication for test class com.miniloja.MinilojaApplicationTests
08:21:41.460 [main] INFO org.springframework.test.context.support.AnnotationConfigContextLoaderUtils -- Could not detect default configuration classes for test class [com.miniloja.MinilojaApplicationTests]: MinilojaApplicationTests does not declare any static, non-private, non-final, nested classes annotated with @Configuration.
08:21:41.462 [main] INFO org.springframework.boot.test.context.SpringBootTestContextBootstrapper -- Found @SpringBootConfiguration com.miniloja.MinilojaApplication for test class com.miniloja.MinilojaApplicationTests
08:21:41.606 [main] INFO org.springframework.boot.devtools.restart.RestartApplicationListener -- Restart disabled due to context in which it is running
2026-09-23T08:21:42.072-03:00  INFO 1924 --- [miniloja-test] [           main] com.miniloja.MinilojaApplicationTests    : Starting MinilojaApplicationTests using Java 21.0.12.1 with PID 1924 (started by marci in C:\Users\marci\Documents\Projetos\miniLoja)
2026-09-23T08:21:42.074-03:00  INFO 1924 --- [miniloja-test] [           main] com.miniloja.MinilojaApplicationTests    : The following 1 profile is active: "test"
2026-09-23T08:21:43.974-03:00  INFO 1924 --- [miniloja-test] [           main] .s.d.r.c.RepositoryConfigurationDelegate : Bootstrapping Spring Data JPA repositories in DEFAULT mode.
2026-09-23T08:21:44.072-03:00  INFO 1924 --- [miniloja-test] [           main] .s.d.r.c.RepositoryConfigurationDelegate : Finished Spring Data repository scanning in 79 ms. Found 1 JPA repository interface.
2026-09-23T08:21:45.259-03:00  INFO 1924 --- [miniloja-test] [           main] org.hibernate.orm.jpa                    : HHH008540: Processing PersistenceUnitInfo [name: default]
2026-09-23T08:21:45.410-03:00  INFO 1924 --- [miniloja-test] [           main] org.hibernate.orm.core                   : HHH000001: Hibernate ORM core version 7.4.5.Final
2026-09-23T08:21:46.189-03:00  INFO 1924 --- [miniloja-test] [           main] o.s.o.j.p.SpringPersistenceUnitInfo      : No LoadTimeWeaver setup: ignoring JPA class transformer
2026-09-23T08:21:46.244-03:00  INFO 1924 --- [miniloja-test] [           main] com.zaxxer.hikari.HikariDataSource       : HikariPool-1 - Starting...
2026-09-23T08:21:46.544-03:00  INFO 1924 --- [miniloja-test] [           main] com.zaxxer.hikari.pool.HikariPool        : HikariPool-1 - Added connection conn0: url=jdbc:h2:mem:miniloja-test user=SA
2026-09-23T08:21:46.546-03:00  INFO 1924 --- [miniloja-test] [           main] com.zaxxer.hikari.HikariDataSource       : HikariPool-1 - Start completed.
2026-09-23T08:21:46.644-03:00  INFO 1924 --- [miniloja-test] [           main] org.hibernate.orm.connections.pooling    : HHH10001005: Database info:
	Database JDBC URL [jdbc:h2:mem:miniloja-test]
	Database driver: H2 JDBC Driver
	Database dialect: H2Dialect
	Database version: 2.4.240
	Default catalog/schema: MINILOJA-TEST/PUBLIC
	Autocommit mode: undefined/unknown
	Isolation level: READ_COMMITTED [default READ_COMMITTED]
	JDBC fetch size: 100
	Pool: DataSourceConnectionProvider
	Minimum pool size: undefined/unknown
	Maximum pool size: undefined/unknown
2026-09-23T08:21:48.002-03:00  INFO 1924 --- [miniloja-test] [           main] org.hibernate.orm.core                   : HHH000489: No JTA platform available (set 'hibernate.transaction.jta.platform' to enable JTA platform integration)
2026-09-23T08:21:48.060-03:00  INFO 1924 --- [miniloja-test] [           main] j.LocalContainerEntityManagerFactoryBean : Initialized JPA EntityManagerFactory for persistence unit 'default'
2026-09-23T08:21:48.215-03:00  INFO 1924 --- [miniloja-test] [           main] o.s.d.j.r.query.QueryEnhancerFactories   : Hibernate is in classpath; If applicable, HQL parser will be used.
2026-09-23T08:21:48.783-03:00  WARN 1924 --- [miniloja-test] [           main] JpaBaseConfiguration$JpaWebConfiguration : spring.jpa.open-in-view is enabled by default. Therefore, database queries may be performed during view rendering. Explicitly configure spring.jpa.open-in-view to disable this warning
2026-09-23T08:21:48.974-03:00  WARN 1924 --- [miniloja-test] [           main] .s.a.UserDetailsServiceAutoConfiguration : 

Using generated security password: 5b5c71d0-aacb-4413-b52b-05f0650d6c1d

This generated password is for development use only. Your security configuration must be updated before running your application in production.

2026-09-23T08:21:48.988-03:00  INFO 1924 --- [miniloja-test] [           main] r$InitializeUserDetailsManagerConfigurer : Global AuthenticationManager configured with UserDetailsService bean with name inMemoryUserDetailsManager
2026-09-23T08:21:50.459-03:00  INFO 1924 --- [miniloja-test] [           main] o.s.b.a.e.web.EndpointLinksResolver      : Exposing 2 endpoints beneath base path '/actuator'
2026-09-23T08:21:50.562-03:00  INFO 1924 --- [miniloja-test] [           main] com.miniloja.MinilojaApplicationTests    : Started MinilojaApplicationTests in 8.977 seconds (process running for 11.003)
2026-09-23T08:21:50.709-03:00  WARN 1924 --- [miniloja-test] [           main] o.s.core.events.SpringDocAppInitializer  : SpringDoc /v3/api-docs endpoint is enabled by default. To disable it in production, set the property 'springdoc.api-docs.enabled=false'
2026-09-23T08:21:50.710-03:00  WARN 1924 --- [miniloja-test] [           main] o.s.core.events.SpringDocAppInitializer  : SpringDoc /swagger-ui.html endpoint is enabled by default. To disable it in production, set the property 'springdoc.swagger-ui.enabled=false'
]]></system-out>
    <system-err><![CDATA[Mockito is currently self-attaching to enable the inline-mock-maker. This will no longer work in future releases of the JDK. Please add Mockito as an agent to your build as described in Mockito's documentation: https://javadoc.io/doc/org.mockito/mockito-core/latest/org.mockito/org/mockito/Mockito.html#0.3
WARNING: A Java agent has been loaded dynamically (C:\Users\marci\.m2\repository\net\bytebuddy\byte-buddy-agent\1.18.11\byte-buddy-agent-1.18.11.jar)
WARNING: If a serviceability tool is in use, please run with -XX:+EnableDynamicAgentLoading to hide this warning
WARNING: If a serviceability tool is not in use, please run with -Djdk.instrument.traceUsage for more information
WARNING: Dynamic loading of agents will be disallowed by default in a future release
]]></system-err>
  </testcase>
</testsuite>